<?xml version="1.0" encoding="UTF-8"?>
<testsuite name="Test d'une partie:" tests="5" skipped="0" failures="0" errors="0" timestamp="2024-10-14T15:40:16" hostname="GNUDPC" time="0.908">
  <properties/>
  <testcase name="enregistre la partie quand elle est victorieuse" classname="org.iut.mastermind.domain.partie.TestPartie" time="0.886"/>
  <testcase name="termine la partie quand le nombre d'essais est dÃ©passÃ©" classname="org.iut.mastermind.domain.partie.TestPartie" time="0.003"/>
  <testcase name="lÃ¨ve une erreur quand la partie est terminÃ©e" classname="org.iut.mastermind.domain.partie.TestPartie" time="0.002"/>
  <testcase name="met Ã  jour le nombre d'essais" classname="org.iut.mastermind.domain.partie.TestPartie" time="0.007"/>
  <testcase name="retourne le rÃ©sultat du mot proposÃ©" classname="org.iut.mastermind.domain.partie.TestPartie" time="0.004"/>
  <system-out><![CDATA[]]></system-out>
  <system-err><![CDATA[]]></system-err>
</testsuite>
